This is pdfTeX, Version 3.1415926-2.5-1.40.14 (TeX Live 2013/Debian) (format=pdflatex 2015.2.8)  26 FEB 2016 19:20
entering extended mode
 restricted \write18 enabled.
 %&-line parsing enabled.
**main.tex
(./main.tex
LaTeX2e <2011/06/27>
Babel <3.9h> and hyphenation patterns for 2 languages loaded.
(/usr/share/texlive/texmf-dist/tex/latex/base/article.cls
Document Class: article 2007/10/19 v1.4h Standard LaTeX document class
(/usr/share/texlive/texmf-dist/tex/latex/base/size12.clo
File: size12.clo 2007/10/19 v1.4h Standard LaTeX file (size option)
)
\c@part=\count79
\c@section=\count80
\c@subsection=\count81
\c@subsubsection=\count82
\c@paragraph=\count83
\c@subparagraph=\count84
\c@figure=\count85
\c@table=\count86
\abovecaptionskip=\skip41
\belowcaptionskip=\skip42
\bibindent=\dimen102
)
(/usr/share/texlive/texmf-dist/tex/latex/graphics/graphicx.sty
Package: graphicx 1999/02/16 v1.0f Enhanced LaTeX Graphics (DPC,SPQR)

(/usr/share/texlive/texmf-dist/tex/latex/graphics/keyval.sty
Package: keyval 1999/03/16 v1.13 key=value parser (DPC)
\KV@toks@=\toks14
)
(/usr/share/texlive/texmf-dist/tex/latex/graphics/graphics.sty
Package: graphics 2009/02/05 v1.0o Standard LaTeX Graphics (DPC,SPQR)

(/usr/share/texlive/texmf-dist/tex/latex/graphics/trig.sty
Package: trig 1999/03/16 v1.09 sin cos tan (DPC)
)
(/usr/share/texlive/texmf-dist/tex/latex/latexconfig/graphics.cfg
File: graphics.cfg 2010/04/23 v1.9 graphics configuration of TeX Live
)
Package graphics Info: Driver file: pdftex.def on input line 91.

(/usr/share/texlive/texmf-dist/tex/latex/pdftex-def/pdftex.def
File: pdftex.def 2011/05/27 v0.06d Graphics/color for pdfTeX

(/usr/share/texlive/texmf-dist/tex/generic/oberdiek/infwarerr.sty
Package: infwarerr 2010/04/08 v1.3 Providing info/warning/error messages (HO)
)
(/usr/share/texlive/texmf-dist/tex/generic/oberdiek/ltxcmds.sty
Package: ltxcmds 2011/11/09 v1.22 LaTeX kernel commands for general use (HO)
)
\Gread@gobject=\count87
))
\Gin@req@height=\dimen103
\Gin@req@width=\dimen104
)
(/usr/share/texlive/texmf-dist/tex/latex/placeins/placeins.sty
Package: placeins 2005/04/18  v 2.2
) (./main.aux)
\openout1 = `main.aux'.

LaTeX Font Info:    Checking defaults for OML/cmm/m/it on input line 6.
LaTeX Font Info:    ... okay on input line 6.
LaTeX Font Info:    Checking defaults for T1/cmr/m/n on input line 6.
LaTeX Font Info:    ... okay on input line 6.
LaTeX Font Info:    Checking defaults for OT1/cmr/m/n on input line 6.
LaTeX Font Info:    ... okay on input line 6.
LaTeX Font Info:    Checking defaults for OMS/cmsy/m/n on input line 6.
LaTeX Font Info:    ... okay on input line 6.
LaTeX Font Info:    Checking defaults for OMX/cmex/m/n on input line 6.
LaTeX Font Info:    ... okay on input line 6.
LaTeX Font Info:    Checking defaults for U/cmr/m/n on input line 6.
LaTeX Font Info:    ... okay on input line 6.

(/usr/share/texlive/texmf-dist/tex/context/base/supp-pdf.mkii
[Loading MPS to PDF converter (version 2006.09.02).]
\scratchcounter=\count88
\scratchdimen=\dimen105
\scratchbox=\box26
\nofMPsegments=\count89
\nofMParguments=\count90
\everyMPshowfont=\toks15
\MPscratchCnt=\count91
\MPscratchDim=\dimen106
\MPnumerator=\count92
\makeMPintoPDFobject=\count93
\everyMPtoPDFconversion=\toks16
) (/usr/share/texlive/texmf-dist/tex/generic/oberdiek/pdftexcmds.sty
Package: pdftexcmds 2011/11/29 v0.20 Utility functions of pdfTeX for LuaTeX (HO
)

(/usr/share/texlive/texmf-dist/tex/generic/oberdiek/ifluatex.sty
Package: ifluatex 2010/03/01 v1.3 Provides the ifluatex switch (HO)
Package ifluatex Info: LuaTeX not detected.
)
(/usr/share/texlive/texmf-dist/tex/generic/oberdiek/ifpdf.sty
Package: ifpdf 2011/01/30 v2.3 Provides the ifpdf switch (HO)
Package ifpdf Info: pdfTeX in PDF mode is detected.
)
Package pdftexcmds Info: LuaTeX not detected.
Package pdftexcmds Info: \pdf@primitive is available.
Package pdftexcmds Info: \pdf@ifprimitive is available.
Package pdftexcmds Info: \pdfdraftmode found.
)
(/usr/share/texlive/texmf-dist/tex/latex/oberdiek/epstopdf-base.sty
Package: epstopdf-base 2010/02/09 v2.5 Base part for package epstopdf

(/usr/share/texlive/texmf-dist/tex/latex/oberdiek/grfext.sty
Package: grfext 2010/08/19 v1.1 Manage graphics extensions (HO)

(/usr/share/texlive/texmf-dist/tex/generic/oberdiek/kvdefinekeys.sty
Package: kvdefinekeys 2011/04/07 v1.3 Define keys (HO)
))
(/usr/share/texlive/texmf-dist/tex/latex/oberdiek/kvoptions.sty
Package: kvoptions 2011/06/30 v3.11 Key value format for package options (HO)

(/usr/share/texlive/texmf-dist/tex/generic/oberdiek/kvsetkeys.sty
Package: kvsetkeys 2012/04/25 v1.16 Key value parser (HO)

(/usr/share/texlive/texmf-dist/tex/generic/oberdiek/etexcmds.sty
Package: etexcmds 2011/02/16 v1.5 Avoid name clashes with e-TeX commands (HO)
Package etexcmds Info: Could not find \expanded.
(etexcmds)             That can mean that you are not using pdfTeX 1.50 or
(etexcmds)             that some package has redefined \expanded.
(etexcmds)             In the latter case, load this package earlier.
)))
Package grfext Info: Graphics extension search list:
(grfext)             [.png,.pdf,.jpg,.mps,.jpeg,.jbig2,.jb2,.PNG,.PDF,.JPG,.JPE
G,.JBIG2,.JB2,.eps]
(grfext)             \AppendGraphicsExtensions on input line 452.

(/usr/share/texlive/texmf-dist/tex/latex/latexconfig/epstopdf-sys.cfg
File: epstopdf-sys.cfg 2010/07/13 v1.3 Configuration of (r)epstopdf for TeX Liv
e
))
LaTeX Font Info:    External font `cmex10' loaded for size
(Font)              <14.4> on input line 7.
LaTeX Font Info:    External font `cmex10' loaded for size
(Font)              <7> on input line 7.

(./main.toc
LaTeX Font Info:    External font `cmex10' loaded for size
(Font)              <12> on input line 3.
LaTeX Font Info:    External font `cmex10' loaded for size
(Font)              <8> on input line 3.
LaTeX Font Info:    External font `cmex10' loaded for size
(Font)              <6> on input line 3.
)
\tf@toc=\write3
\openout3 = `main.toc'.

 <images/home.png, id=1, 1445.4pt x 2569.6pt>
File: images/home.png Graphic file (type png)

<use images/home.png>
Package pdftex.def Info: images/home.png used on input line 17.
(pdftex.def)             Requested size: 195.0pt x 346.64578pt.
 [1

{/var/lib/texmf/fonts/map/pdftex/updmap/pdftex.map}]
<images/empty.png, id=10, 1445.4pt x 2569.6pt>
File: images/empty.png Graphic file (type png)
 <use images/empty.png>
Package pdftex.def Info: images/empty.png used on input line 25.
(pdftex.def)             Requested size: 155.99762pt x 277.32446pt.

<images/optional.png, id=11, 1445.4pt x 2569.6pt>
File: images/optional.png Graphic file (type png)
 <use images/optional.png>
Package pdftex.def Info: images/optional.png used on input line 30.
(pdftex.def)             Requested size: 155.99762pt x 277.32446pt.

[2 <./images/home.png>] <images/invalidentry.png, id=15, 1445.4pt x 2569.6pt>
File: images/invalidentry.png Graphic file (type png)

<use images/invalidentry.png>
Package pdftex.def Info: images/invalidentry.png used on input line 38.
(pdftex.def)             Requested size: 155.99762pt x 277.32446pt.

<images/invalidname.png, id=16, 1445.4pt x 2569.6pt>
File: images/invalidname.png Graphic file (type png)

<use images/invalidname.png>
Package pdftex.def Info: images/invalidname.png used on input line 43.
(pdftex.def)             Requested size: 155.99762pt x 277.32446pt.
 [3 <./images/empty.png> <./images/optional.png>]
<images/success.png, id=20, 1445.4pt x 2569.6pt>
File: images/success.png Graphic file (type png)
 <use images/success.png>
Package pdftex.def Info: images/success.png used on input line 55.
(pdftex.def)             Requested size: 155.99762pt x 277.32446pt.

<images/already.png, id=21, 1445.4pt x 2569.6pt>
File: images/already.png Graphic file (type png)
 <use images/already.png>
Package pdftex.def Info: images/already.png used on input line 60.
(pdftex.def)             Requested size: 155.99762pt x 277.32446pt.

[4 <./images/invalidentry.png> <./images/invalidname.png>]
<images/clear.png, id=25, 1445.4pt x 2569.6pt>
File: images/clear.png Graphic file (type png)
 <use images/clear.png>
Package pdftex.def Info: images/clear.png used on input line 70.
(pdftex.def)             Requested size: 195.0pt x 346.64578pt.
 [5 <./images/success.png> <./images/already.png>]
<images/back.png, id=29, 1445.4pt x 2569.6pt>
File: images/back.png Graphic file (type png)
 <use images/back.png>
Package pdftex.def Info: images/back.png used on input line 78.
(pdftex.def)             Requested size: 195.0pt x 346.64578pt.
 [6 <./images/clear.png>]
Underfull \hbox (badness 10000) in paragraph at lines 86--88

 []

[7 <./images/back.png>]
LaTeX Font Info:    Try loading font information for OMS+cmr on input line 95.
 (/usr/share/texlive/texmf-dist/tex/latex/base/omscmr.fd
File: omscmr.fd 1999/05/25 v2.5h Standard LaTeX font definitions
)
LaTeX Font Info:    Font shape `OMS/cmr/m/n' in size <12> not available
(Font)              Font shape `OMS/cmsy/m/n' tried instead on input line 95.
 [8]
Underfull \hbox (badness 10000) in paragraph at lines 119--122

 []

(./main.bbl
Overfull \hbox (66.91795pt too wide) in paragraph at lines 14--17
[]\OT1/cmr/m/n/12 Press back but-ton twice to exit.  http://stackoverflow.com/q
uestions/8430805/android-
 []


Overfull \hbox (9.40883pt too wide) in paragraph at lines 19--22
[]\OT1/cmr/m/n/12 Regex for valid names.  http://stackoverflow.com/questions/27
126455/java-
 []


Underfull \hbox (badness 10000) in paragraph at lines 19--22
\OT1/cmr/m/n/12 regex-to-validate-full-name-allow-only-spaces-letters-commas-do
ts-in-
 []

[9]) [10] (./main.aux) ) 
Here is how much of TeX's memory you used:
 1585 strings out of 495028
 22894 string characters out of 6181498
 76356 words of memory out of 5000000
 4781 multiletter control sequences out of 15000+600000
 9683 words of font info for 34 fonts, out of 8000000 for 9000
 14 hyphenation exceptions out of 8191
 37i,8n,23p,282b,276s stack positions out of 5000i,500n,10000p,200000b,80000s
</usr/share/texlive/texmf-dist/fonts/type1/public/amsfo
nts/cm/cmbx12.pfb></usr/share/texlive/texmf-dist/fonts/type1/public/amsfonts/cm
/cmbxti10.pfb></usr/share/texlive/texmf-dist/fonts/type1/public/amsfonts/cm/cmr
12.pfb></usr/share/texlive/texmf-dist/fonts/type1/public/amsfonts/cm/cmr17.pfb>
</usr/share/texlive/texmf-dist/fonts/type1/public/amsfonts/cm/cmsy10.pfb></usr/
share/texlive/texmf-dist/fonts/type1/public/amsfonts/cm/cmti12.pfb></usr/share/
texlive/texmf-dist/fonts/type1/public/amsfonts/cm/cmtt12.pfb>
Output written on main.pdf (10 pages, 16789534 bytes).
PDF statistics:
 74 PDF objects out of 1000 (max. 8388607)
 45 compressed objects within 1 object stream
 0 named destinations out of 1000 (max. 500000)
 46 words of extra memory for PDF output out of 10000 (max. 10000000)

